*** Starting uWSGI 2.0.17 (64bit) on [Mon May 28 18:22:06 2018] ***
compiled with version: 4.4.7 20120313 (Red Hat 4.4.7-18) on 21 May 2018 03:16:47
os: Linux-2.6.32-696.23.1.el6.x86_64 #1 SMP Tue Mar 13 22:44:18 UTC 2018
nodename: 10-0-30-61
machine: x86_64
clock source: unix
detected number of CPU cores: 40
current working directory: /home/dev/new_demo_yu/sqyc_taxi01
writing pidfile to uwsgi.pid
detected binary path: /home/dev/virtualenv_files/new_demo/bin/uwsgi
!!! no internal routing support, rebuild with pcre support !!!
chdir() to /home/dev/new_demo_yu/sqyc_taxi01
your processes number limit is 65536
your memory page size is 4096 bytes
detected max file descriptor number: 65536
lock engine: pthread robust mutexes
thunder lock: disabled (you can enable it with --thunder-lock)
uwsgi socket 0 bound to TCP address 127.0.0.1:8001 fd 3
Python version: 3.5.2 |Continuum Analytics, Inc.| (default, Jul  2 2016, 17:53:06)  [GCC 4.4.7 20120313 (Red Hat 4.4.7-1)]
Python main interpreter initialized at 0x1651cf0
python threads support enabled
your server socket listen backlog is limited to 100 connections
your mercy for graceful operations on workers is 60 seconds
mapped 416880 bytes (407 KB) for 8 cores
*** Operational MODE: preforking+threaded ***
/home/dev/virtualenv_files/new_demo/lib/python3.5/site-packages/psycopg2/__init__.py:144: UserWarning: The psycopg2 wheel package will be renamed from release 2.8; in order to keep installing from binary please use "pip install psycopg2-binary" instead. For details see: <http://initd.org/psycopg/docs/install.html#binary-install-from-pypi>.
  """)

WSGI app 0 (mountpoint='') ready in 1 seconds on interpreter 0x1651cf0 pid: 116742 (default app)
*** uWSGI is running in multiple interpreter mode ***
spawned uWSGI master process (pid: 116742)
spawned uWSGI worker 1 (pid: 116746, cores: 2)
spawned uWSGI worker 2 (pid: 116747, cores: 2)
spawned uWSGI worker 3 (pid: 116748, cores: 2)
spawned uWSGI worker 4 (pid: 116750, cores: 2)
[pid: 116747|app: 0|req: 1/1] 172.16.10.49 () {42 vars in 784 bytes} [Mon May 28 18:22:15 2018] GET / => generated 3892 bytes in 34 msecs (HTTP/1.1 200) 4 headers in 224 bytes (1 switches on core 0)
[pid: 116750|app: 0|req: 1/2] 172.16.10.49 () {40 vars in 674 bytes} [Mon May 28 18:22:29 2018] GET / => generated 3892 bytes in 34 msecs (HTTP/1.1 200) 4 headers in 224 bytes (1 switches on core 0)
[pid: 116748|app: 0|req: 1/3] 172.16.10.49 () {42 vars in 711 bytes} [Mon May 28 18:22:29 2018] GET /favicon.ico => generated 4039 bytes in 35 msecs (HTTP/1.1 404) 2 headers in 80 bytes (1 switches on core 0)
[pid: 116750|app: 0|req: 2/4] 172.16.10.49 () {44 vars in 762 bytes} [Mon May 28 18:22:34 2018] GET / => generated 3892 bytes in 2 msecs (HTTP/1.1 200) 4 headers in 224 bytes (1 switches on core 1)
[pid: 116750|app: 0|req: 3/5] 172.16.10.49 () {44 vars in 762 bytes} [Mon May 28 18:22:34 2018] GET / => generated 3892 bytes in 2 msecs (HTTP/1.1 200) 4 headers in 224 bytes (1 switches on core 0)
[pid: 116748|app: 0|req: 2/6] 172.16.10.49 () {44 vars in 762 bytes} [Mon May 28 18:22:34 2018] GET / => generated 3892 bytes in 8 msecs (HTTP/1.1 200) 4 headers in 224 bytes (1 switches on core 1)
[pid: 116750|app: 0|req: 4/7] 172.16.10.49 () {44 vars in 762 bytes} [Mon May 28 18:22:35 2018] GET / => generated 3892 bytes in 2 msecs (HTTP/1.1 200) 4 headers in 224 bytes (1 switches on core 1)
Mon May 28 18:27:35 2018 - uWSGI worker 2 screams: UAAAAAAH my master disconnected: i will kill myself !!!
Mon May 28 18:27:35 2018 - uWSGI worker 2 screams: UAAAAAAH my master disconnected: i will kill myself !!!
Mon May 28 18:27:35 2018 - uWSGI worker 4 screams: UAAAAAAH my master disconnected: i will kill myself !!!
Mon May 28 18:27:35 2018 - uWSGI worker 3 screams: UAAAAAAH my master disconnected: i will kill myself !!!
Mon May 28 18:27:35 2018 - uWSGI worker 3 screams: UAAAAAAH my master disconnected: i will kill myself !!!
Mon May 28 18:27:35 2018 - uWSGI worker 4 screams: UAAAAAAH my master disconnected: i will kill myself !!!
Mon May 28 18:27:35 2018 - uWSGI worker 1 screams: UAAAAAAH my master disconnected: i will kill myself !!!
Mon May 28 18:27:35 2018 - uWSGI worker 1 screams: UAAAAAAH my master disconnected: i will kill myself !!!
